<?xml version="1.0" encoding="UTF-8"?>
<robot generator="Robot 3.2b1 (Python 3.7.1 on win32)" generated="20200607 13:13:44.351" rpa="false">
<suite id="s1" name="CommonKeyword" source="D:\WIRAHITA\AMARTHA\WORKSPACE\Line\resource\common\CommonKeyword.robot">
<test id="s1-t1" name="Open the line application.">
<kw name="Open the application">
<doc>setup the variabel for open the app</doc>
<kw name="Open Application" library="AppiumLibrary">
<doc>Opens a new application to given Appium server.
Capabilities of appium server, Android and iOS,
Please check https://github.com/appium/appium/blob/master/docs/en/writing-running-appium/server-args.md
| *Option*            | *Man.* | *Description*     |
| remote_url          | Yes    | Appium server url |
| alias               | no     | alias             |</doc>
<arguments>
<arg>${APPIUM_SERVER}</arg>
<arg>platformName=${ANDROID_PLAT_NAME}</arg>
<arg>platformVersion=${ANDROID_PLAT_VER}</arg>
<arg>deviceName=${DEVICE_NAME}</arg>
<arg>automationName=Appium</arg>
<arg>appPackage=${PACKET_NAME}</arg>
<arg>appActivity=${ACTIVITY_NAME}</arg>
</arguments>
<status status="PASS" starttime="20200607 13:13:44.729" endtime="20200607 13:14:01.667"></status>
</kw>
<status status="PASS" starttime="20200607 13:13:44.728" endtime="20200607 13:14:01.667"></status>
</kw>
<kw name="Sleep" library="BuiltIn">
<doc>Pauses the test executed for the given time.</doc>
<arguments>
<arg>2</arg>
</arguments>
<msg timestamp="20200607 13:14:03.671" level="INFO">Slept 2 seconds</msg>
<status status="PASS" starttime="20200607 13:14:01.668" endtime="20200607 13:14:03.671"></status>
</kw>
<doc>check the item displays on login screen.</doc>
<tags>
<tag>login</tag>
</tags>
<status status="PASS" starttime="20200607 13:13:44.728" endtime="20200607 13:14:03.673" critical="yes"></status>
</test>
<status status="PASS" starttime="20200607 13:13:44.355" endtime="20200607 13:14:03.676"></status>
</suite>
<statistics>
<total>
<stat pass="1" fail="0">Critical Tests</stat>
<stat pass="1" fail="0">All Tests</stat>
</total>
<tag>
<stat pass="1" fail="0">login</stat>
</tag>
<suite>
<stat pass="1" fail="0" id="s1" name="CommonKeyword">CommonKeyword</stat>
</suite>
</statistics>
<errors>
</errors>
</robot>
