<?xml version="1.0" encoding="UTF-8"?>
<robot generator="Robot 3.2b1 (Python 3.7.1 on win32)" generated="20200607 11:56:22.047" rpa="false">
<suite id="s1" name="Login" source="D:\WIRAHITA\AMARTHA\WORKSPACE\Line\TestCase\Login.robot">
<test id="s1-t1" name="Verify the item display on the login screen.">
<kw name="Open the application" library="CommonKeyword">
<doc>setup the variabel for open the app</doc>
<kw name="Open Application" library="AppiumLibrary">
<doc>Opens a new application to given Appium server.
Capabilities of appium server, Android and iOS,
Please check https://github.com/appium/appium/blob/master/docs/en/writing-running-appium/server-args.md
| *Option*            | *Man.* | *Description*     |
| remote_url          | Yes    | Appium server url |
| alias               | no     | alias             |</doc>
<arguments>
<arg>${APPIUM_SERVER}</arg>
<arg>platformName=${ANDROID_PLAT_NAME}</arg>
<arg>platformVersion=${ANDROID_PLAT_VER}</arg>
<arg>deviceName=${DEVICE_NAME}</arg>
<arg>automationName=Appium</arg>
<arg>appPackage=${PACKET_NAME}</arg>
<arg>appActivity=${ACTIVITY_NAME}</arg>
</arguments>
<status status="PASS" starttime="20200607 11:56:22.485" endtime="20200607 11:56:45.057"></status>
</kw>
<status status="PASS" starttime="20200607 11:56:22.484" endtime="20200607 11:56:45.057"></status>
</kw>
<kw name="Sleep" library="BuiltIn">
<doc>Pauses the test executed for the given time.</doc>
<arguments>
<arg>2</arg>
</arguments>
<msg timestamp="20200607 11:56:47.059" level="INFO">Slept 2 seconds</msg>
<status status="PASS" starttime="20200607 11:56:45.059" endtime="20200607 11:56:47.060"></status>
</kw>
<kw name="Open the login screen" library="SplashScreen">
<doc>tap on login button</doc>
<kw name="Click Element" library="AppiumLibrary">
<doc>Click element identified by `locator`.</doc>
<arguments>
<arg>${Login_Button}</arg>
</arguments>
<msg timestamp="20200607 11:56:47.066" level="INFO">Clicking element 'id=jp.naver.line.android.registration:id/login'.</msg>
<kw name="Capture Page Screenshot" library="AppiumLibrary">
<doc>Takes a screenshot of the current page and embeds it into the log.</doc>
<msg timestamp="20200607 11:56:47.151" level="FAIL">WebDriverException: Message: An unknown server-side error occurred while processing the command. Original error: Could not proxy command to remote server. Original error: Error: socket hang up
</msg>
<status status="FAIL" starttime="20200607 11:56:47.088" endtime="20200607 11:56:47.152"></status>
</kw>
<msg timestamp="20200607 11:56:47.156" level="WARN">Keyword 'Capture Page Screenshot' could not be run on failure: WebDriverException: Message: An unknown server-side error occurred while processing the command. Original error: Could not proxy command to remote server. Original error: Error: socket hang up
</msg>
<msg timestamp="20200607 11:56:47.208" level="FAIL">WebDriverException: Message: An unknown server-side error occurred while processing the command. Original error: Could not proxy command to remote server. Original error: Error: socket hang up
</msg>
<status status="FAIL" starttime="20200607 11:56:47.062" endtime="20200607 11:56:47.208"></status>
</kw>
<status status="FAIL" starttime="20200607 11:56:47.061" endtime="20200607 11:56:47.209"></status>
</kw>
<doc>check the item displays on login screen.</doc>
<tags>
<tag>login</tag>
</tags>
<status status="FAIL" starttime="20200607 11:56:22.483" endtime="20200607 11:56:47.210" critical="yes">WebDriverException: Message: An unknown server-side error occurred while processing the command. Original error: Could not proxy command to remote server. Original error: Error: socket hang up
</status>
</test>
<status status="FAIL" starttime="20200607 11:56:22.050" endtime="20200607 11:56:47.218"></status>
</suite>
<statistics>
<total>
<stat pass="0" fail="1">Critical Tests</stat>
<stat pass="0" fail="1">All Tests</stat>
</total>
<tag>
<stat pass="0" fail="1">login</stat>
</tag>
<suite>
<stat pass="0" fail="1" id="s1" name="Login">Login</stat>
</suite>
</statistics>
<errors>
<msg timestamp="20200607 11:56:47.156" level="WARN">Keyword 'Capture Page Screenshot' could not be run on failure: WebDriverException: Message: An unknown server-side error occurred while processing the command. Original error: Could not proxy command to remote server. Original error: Error: socket hang up
</msg>
</errors>
</robot>
